<?xml version="1.0" encoding="UTF-8"?>
<!-- Generated by org.testng.reporters.JUnitXMLReporter -->
<testsuite hostname="LAPTOP-6DE9EJ5N" name="Test" tests="1" failures="0" timestamp="4 Mar 2018 05:07:03 GMT" time="2.866" errors="0">
  <testcase name="@BeforeClass setUpClass" time="0.0" classname="com.RunnerClass.TestNgRunnerClass">
    <failure type="cucumber.runtime.DuplicateStepDefinitionException" message="Duplicate step definitions in com.TestCases.TC_01_US00001_Login.launch_the_Firefox_Browser() in file:/E:/SeleniumWorkspace/TestNGCucumber/target/test-classes/ and com.TestCases.TC_01_US00001_Login.launch_the_Firefox_BrowserOne() in file:/E:/SeleniumWorkspace/TestNGCucumber/target/test-classes/">
      <![CDATA[cucumber.runtime.DuplicateStepDefinitionException: Duplicate step definitions in com.TestCases.TC_01_US00001_Login.launch_the_Firefox_Browser() in file:/E:/SeleniumWorkspace/TestNGCucumber/target/test-classes/ and com.TestCases.TC_01_US00001_Login.launch_the_Firefox_BrowserOne() in file:/E:/SeleniumWorkspace/TestNGCucumber/target/test-classes/
	at cucumber.runtime.RuntimeGlue.addStepDefinition(RuntimeGlue.java:33)
	at cucumber.runtime.java.JavaBackend.addStepDefinition(JavaBackend.java:151)
	at cucumber.runtime.java.MethodScanner.scan(MethodScanner.java:68)
	at cucumber.runtime.java.MethodScanner.scan(MethodScanner.java:41)
	at cucumber.runtime.java.JavaBackend.loadGlue(JavaBackend.java:86)
	at cucumber.runtime.Runtime.<init>(Runtime.java:91)
	at cucumber.runtime.Runtime.<init>(Runtime.java:69)
	at cucumber.runtime.Runtime.<init>(Runtime.java:65)
	at cucumber.api.testng.TestNGCucumberRunner.<init>(TestNGCucumberRunner.java:42)
	at cucumber.api.testng.AbstractTestNGCucumberTests.setUpClass(AbstractTestNGCucumberTests.java:16)
... Removed 24 stack frames]]>
    </failure>
  </testcase> <!-- @BeforeClass setUpClass -->
  <testcase name="@AfterClass tearDownClass" time="0.0" classname="com.RunnerClass.TestNgRunnerClass">
    <skipped/>
  </testcase> <!-- @AfterClass tearDownClass -->
  <testcase name="@AfterTest endTest" time="0.0" classname="com.RunnerClass.TestNgRunnerClass">
    <skipped/>
  </testcase> <!-- @AfterTest endTest -->
  <testcase name="feature" time="0.0" classname="com.RunnerClass.TestNgRunnerClass">
    <skipped/>
  </testcase> <!-- feature -->
</testsuite> <!-- Test -->
